/home/jfeng/miniconda3/envs/c2saferrust/lib/python3.12/site-packages/tree_sitter/__init__.py:36: FutureWarning: Language.build_library is deprecated. Use the new bindings instead.
  warn("{} is deprecated. Use {} instead.".format(old, new), FutureWarning)
初始化C代码分析器...
/home/jfeng/miniconda3/envs/c2saferrust/lib/python3.12/site-packages/tree_sitter/__init__.py:36: FutureWarning: Language(path, name) is deprecated. Use Language(ptr, name) instead.
  warn("{} is deprecated. Use {} instead.".format(old, new), FutureWarning)
============================================================
SpecAgent - C 项目 Spec 文档生成（分层聚类 + 语义细分）
============================================================

[步骤 0/9] 初始化 spec-kit 项目结构...
  ✓ spec-kit 项目结构初始化完成

[步骤 1/9] 收集项目基本信息...
  项目名称：cat
  C 文件数量：39
  头文件数量：84
  构建系统：Makefile

[步骤 2/9] 解析 C 代码结构并构建依赖图...
找到 123 个C文件，开始分析...
找到的C文件列表：
  /data1/jfeng/tcode_win/datasets/cat/hard-locale.c
  /data1/jfeng/tcode_win/datasets/cat/fclose.c
  /data1/jfeng/tcode_win/datasets/cat/xmalloc.c
  /data1/jfeng/tcode_win/datasets/cat/stdbit.c
  /data1/jfeng/tcode_win/datasets/cat/safe-write.c
  /data1/jfeng/tcode_win/datasets/cat/version.c
  /data1/jfeng/tcode_win/datasets/cat/propername-lite.c
  /data1/jfeng/tcode_win/datasets/cat/setlocale_null-unlocked.c
  /data1/jfeng/tcode_win/datasets/cat/quotearg.c
  /data1/jfeng/tcode_win/datasets/cat/safe-read.c
  /data1/jfeng/tcode_win/datasets/cat/xalignalloc.c
  /data1/jfeng/tcode_win/datasets/cat/binary-io.c
  /data1/jfeng/tcode_win/datasets/cat/localcharset.c
  /data1/jfeng/tcode_win/datasets/cat/version-etc-fsf.c
  /data1/jfeng/tcode_win/datasets/cat/version-etc.c
  /data1/jfeng/tcode_win/datasets/cat/mbrtoc32.c
  /data1/jfeng/tcode_win/datasets/cat/stdc_leading_zeros.c
  /data1/jfeng/tcode_win/datasets/cat/full-write.c
  /data1/jfeng/tcode_win/datasets/cat/closeout.c
  /data1/jfeng/tcode_win/datasets/cat/c-ctype.c
  /data1/jfeng/tcode_win/datasets/cat/fcntl.c
  /data1/jfeng/tcode_win/datasets/cat/fflush.c
  /data1/jfeng/tcode_win/datasets/cat/mbszero.c
  /data1/jfeng/tcode_win/datasets/cat/fseeko.c
  /data1/jfeng/tcode_win/datasets/cat/xalloc-die.c
  /data1/jfeng/tcode_win/datasets/cat/progname.c
  /data1/jfeng/tcode_win/datasets/cat/xbinary-io.c
  /data1/jfeng/tcode_win/datasets/cat/fadvise.c
  /data1/jfeng/tcode_win/datasets/cat/setlocale_null.c
  /data1/jfeng/tcode_win/datasets/cat/alignalloc.c
  /data1/jfeng/tcode_win/datasets/cat/c-strcasecmp.c
  /data1/jfeng/tcode_win/datasets/cat/ialloc.c
  /data1/jfeng/tcode_win/datasets/cat/cat.c
  /data1/jfeng/tcode_win/datasets/cat/exitfail.c
  /data1/jfeng/tcode_win/datasets/cat/c32isprint.c
  /data1/jfeng/tcode_win/datasets/cat/fpurge.c
  /data1/jfeng/tcode_win/datasets/cat/copy-file-range.c
  /data1/jfeng/tcode_win/datasets/cat/close-stream.c
  /data1/jfeng/tcode_win/datasets/cat/include/safe-read.c
  /data1/jfeng/tcode_win/datasets/cat/include/ctype.h
  /data1/jfeng/tcode_win/datasets/cat/include/full-write.h
  /data1/jfeng/tcode_win/datasets/cat/include/alloca.h
  /data1/jfeng/tcode_win/datasets/cat/include/configmake.h
  /data1/jfeng/tcode_win/datasets/cat/include/attribute.h
  /data1/jfeng/tcode_win/datasets/cat/include/xbinary-io.h
  /data1/jfeng/tcode_win/datasets/cat/include/basename-lgpl.h
  /data1/jfeng/tcode_win/datasets/cat/include/fadvise.h
  /data1/jfeng/tcode_win/datasets/cat/include/alignalloc.h
  /data1/jfeng/tcode_win/datasets/cat/include/locale.h
  /data1/jfeng/tcode_win/datasets/cat/include/version-etc.h
  /data1/jfeng/tcode_win/datasets/cat/include/stdckdint.h
  /data1/jfeng/tcode_win/datasets/cat/include/pathmax.h
  /data1/jfeng/tcode_win/datasets/cat/include/dirent.h
  /data1/jfeng/tcode_win/datasets/cat/include/unlocked-io.h
  /data1/jfeng/tcode_win/datasets/cat/include/safe-write.h
  /data1/jfeng/tcode_win/datasets/cat/include/stat-size.h
  /data1/jfeng/tcode_win/datasets/cat/include/idx.h
  /data1/jfeng/tcode_win/datasets/cat/include/stddef.h
  /data1/jfeng/tcode_win/datasets/cat/include/closein.h
  /data1/jfeng/tcode_win/datasets/cat/include/propername.h
  /data1/jfeng/tcode_win/datasets/cat/include/streq.h
  /data1/jfeng/tcode_win/datasets/cat/include/binary-io.h
  /data1/jfeng/tcode_win/datasets/cat/include/timespec.h
  /data1/jfeng/tcode_win/datasets/cat/include/verify.h
  /data1/jfeng/tcode_win/datasets/cat/include/filename.h
  /data1/jfeng/tcode_win/datasets/cat/include/closeout.h
  /data1/jfeng/tcode_win/datasets/cat/include/minmax.h
  /data1/jfeng/tcode_win/datasets/cat/include/string.h
  /data1/jfeng/tcode_win/datasets/cat/include/unistd.h
  /data1/jfeng/tcode_win/datasets/cat/include/langinfo.h
  /data1/jfeng/tcode_win/datasets/cat/include/uchar.h
  /data1/jfeng/tcode_win/datasets/cat/include/freading.h
  /data1/jfeng/tcode_win/datasets/cat/include/quote.h
  /data1/jfeng/tcode_win/datasets/cat/include/system.h
  /data1/jfeng/tcode_win/datasets/cat/include/inttostr.h
  /data1/jfeng/tcode_win/datasets/cat/include/setlocale_null.h
  /data1/jfeng/tcode_win/datasets/cat/include/ioblksize.h
  /data1/jfeng/tcode_win/datasets/cat/include/stdbit.h
  /data1/jfeng/tcode_win/datasets/cat/include/c32is-impl.h
  /data1/jfeng/tcode_win/datasets/cat/include/fpending.h
  /data1/jfeng/tcode_win/datasets/cat/include/fcntl.h
  /data1/jfeng/tcode_win/datasets/cat/include/dirname.h
  /data1/jfeng/tcode_win/datasets/cat/include/gettext.h
  /data1/jfeng/tcode_win/datasets/cat/include/time.h
  /data1/jfeng/tcode_win/datasets/cat/include/unitypes.h
  /data1/jfeng/tcode_win/datasets/cat/include/signal.h
  /data1/jfeng/tcode_win/datasets/cat/include/progname.h
  /data1/jfeng/tcode_win/datasets/cat/include/wchar.h
  /data1/jfeng/tcode_win/datasets/cat/include/quotearg.h
  /data1/jfeng/tcode_win/datasets/cat/include/close-stream.h
  /data1/jfeng/tcode_win/datasets/cat/include/hard-locale.h
  /data1/jfeng/tcode_win/datasets/cat/include/stdio-impl.h
  /data1/jfeng/tcode_win/datasets/cat/include/localcharset.h
  /data1/jfeng/tcode_win/datasets/cat/include/exitfail.h
  /data1/jfeng/tcode_win/datasets/cat/include/c-strcaseeq.h
  /data1/jfeng/tcode_win/datasets/cat/include/version.h
  /data1/jfeng/tcode_win/datasets/cat/include/c-ctype.h
  /data1/jfeng/tcode_win/datasets/cat/include/arg-nonnull.h
  /data1/jfeng/tcode_win/datasets/cat/include/config.h
  /data1/jfeng/tcode_win/datasets/cat/include/error.h
  /data1/jfeng/tcode_win/datasets/cat/include/stdio.h
  /data1/jfeng/tcode_win/datasets/cat/include/inttypes.h
  /data1/jfeng/tcode_win/datasets/cat/include/intprops.h
  /data1/jfeng/tcode_win/datasets/cat/include/intprops-internal.h
  /data1/jfeng/tcode_win/datasets/cat/include/same-inode.h
  /data1/jfeng/tcode_win/datasets/cat/include/openat.h
  /data1/jfeng/tcode_win/datasets/cat/include/stdlib.h
  /data1/jfeng/tcode_win/datasets/cat/include/c-strcase.h
  /data1/jfeng/tcode_win/datasets/cat/include/unictype.h
  /data1/jfeng/tcode_win/datasets/cat/include/wctype.h
  /data1/jfeng/tcode_win/datasets/cat/include/xalloc.h
  /data1/jfeng/tcode_win/datasets/cat/include/limits.h
  /data1/jfeng/tcode_win/datasets/cat/include/ignore-value.h
  /data1/jfeng/tcode_win/datasets/cat/include/sys-limits.h
  /data1/jfeng/tcode_win/datasets/cat/include/safe-read.h
  /data1/jfeng/tcode_win/datasets/cat/include/ialloc.h
  /data1/jfeng/tcode_win/datasets/cat/include/stat-macros.h
  /data1/jfeng/tcode_win/datasets/cat/include/sys/utsname.h
  /data1/jfeng/tcode_win/datasets/cat/include/sys/types.h
  /data1/jfeng/tcode_win/datasets/cat/include/sys/time.h
  /data1/jfeng/tcode_win/datasets/cat/include/sys/stat.h
  /data1/jfeng/tcode_win/datasets/cat/include/sys/ioctl.h
  /data1/jfeng/tcode_win/datasets/cat/include/sys/select.h
正在分析: hard-locale.c
正在分析: fclose.c
正在分析: xmalloc.c
正在分析: stdbit.c
正在分析: safe-write.c
正在分析: version.c
正在分析: propername-lite.c
正在分析: setlocale_null-unlocked.c
正在分析: quotearg.c
正在分析: safe-read.c
正在分析: xalignalloc.c
正在分析: binary-io.c
正在分析: localcharset.c
正在分析: version-etc-fsf.c
正在分析: version-etc.c
正在分析: mbrtoc32.c
正在分析: stdc_leading_zeros.c
正在分析: full-write.c
正在分析: closeout.c
正在分析: c-ctype.c
正在分析: fcntl.c
正在分析: fflush.c
正在分析: mbszero.c
正在分析: fseeko.c
正在分析: xalloc-die.c
正在分析: progname.c
正在分析: xbinary-io.c
正在分析: fadvise.c
正在分析: setlocale_null.c
正在分析: alignalloc.c
正在分析: c-strcasecmp.c
正在分析: ialloc.c
正在分析: cat.c
正在分析: exitfail.c
正在分析: c32isprint.c
正在分析: fpurge.c
正在分析: copy-file-range.c
正在分析: close-stream.c
正在分析: include/safe-read.c
正在分析: include/ctype.h
正在分析: include/full-write.h
正在分析: include/alloca.h
正在分析: include/configmake.h
正在分析: include/attribute.h
正在分析: include/xbinary-io.h
正在分析: include/basename-lgpl.h
正在分析: include/fadvise.h
正在分析: include/alignalloc.h
正在分析: include/locale.h
正在分析: include/version-etc.h
正在分析: include/stdckdint.h
正在分析: include/pathmax.h
正在分析: include/dirent.h
正在分析: include/unlocked-io.h
正在分析: include/safe-write.h
正在分析: include/stat-size.h
正在分析: include/idx.h
正在分析: include/stddef.h
正在分析: include/closein.h
正在分析: include/propername.h
正在分析: include/streq.h
正在分析: include/binary-io.h
正在分析: include/timespec.h
正在分析: include/verify.h
正在分析: include/filename.h
正在分析: include/closeout.h
正在分析: include/minmax.h
正在分析: include/string.h
正在分析: include/unistd.h
正在分析: include/langinfo.h
正在分析: include/uchar.h
正在分析: include/freading.h
正在分析: include/quote.h
正在分析: include/system.h
正在分析: include/inttostr.h
正在分析: include/setlocale_null.h
正在分析: include/ioblksize.h
正在分析: include/stdbit.h
正在分析: include/c32is-impl.h
正在分析: include/fpending.h
正在分析: include/fcntl.h
正在分析: include/dirname.h
正在分析: include/gettext.h
正在分析: include/time.h
正在分析: include/unitypes.h
正在分析: include/signal.h
正在分析: include/progname.h
正在分析: include/wchar.h
正在分析: include/quotearg.h
正在分析: include/close-stream.h
正在分析: include/hard-locale.h
正在分析: include/stdio-impl.h
正在分析: include/localcharset.h
正在分析: include/exitfail.h
正在分析: include/c-strcaseeq.h
正在分析: include/version.h
正在分析: include/c-ctype.h
正在分析: include/arg-nonnull.h
正在分析: include/config.h
正在分析: include/error.h
正在分析: include/stdio.h
正在分析: include/inttypes.h
正在分析: include/intprops.h
正在分析: include/intprops-internal.h
正在分析: include/same-inode.h
正在分析: include/openat.h
正在分析: include/stdlib.h
正在分析: include/c-strcase.h
正在分析: include/unictype.h
正在分析: include/wctype.h
正在分析: include/xalloc.h
正在分析: include/limits.h
正在分析: include/ignore-value.h
正在分析: include/sys-limits.h
正在分析: include/safe-read.h
正在分析: include/ialloc.h
ialloc.h declaration节点内容: IALLOC_INLINE void * _GL_ATTRIBUTE_COLD...
子节点类型: ['type_identifier', 'ERROR', 'pointer_declarator', ';']
是否包含函数体: False
ialloc.h declaration节点内容: IALLOC_INLINE
_GL_ATTRIBUTE_MALLOC /*_GL_ATTRIBUTE_DEALLOC_FREE*/...
子节点类型: ['type_identifier', 'identifier', 'comment', ';']
是否包含函数体: False
ialloc.h declaration节点内容: IALLOC_INLINE
_GL_ATTRIBUTE_MALLOC /*_GL_ATTRIBUTE_DEALLOC_FREE*/...
子节点类型: ['type_identifier', 'identifier', 'comment', ';']
是否包含函数体: False
ialloc.h declaration节点内容: size_t nx = n;...
子节点类型: ['primitive_type', 'init_declarator', ';']
是否包含函数体: False
ialloc.h declaration节点内容: size_t sx = s;...
子节点类型: ['primitive_type', 'init_declarator', ';']
是否包含函数体: False
正在分析: include/stat-macros.h
正在分析: include/sys/utsname.h
正在分析: include/sys/types.h
正在分析: include/sys/time.h
正在分析: include/sys/stat.h
正在分析: include/sys/ioctl.h
正在分析: include/sys/select.h
构建函数调用关系...
保存分析结果...
分析完成，结果已保存到: /data1/jfeng/tcode_win/src/parse/res/cat.json
共分析 385 个函数
  构建依赖图...
  ✓ 依赖图构建完成
    - 文件依赖：94
    - 函数调用：333
    - 结构体使用：19
  文件数量：123
  函数数量：385
  结构体数量：156

[步骤 3/9] 使用 ModuleSplitter 进行模块划分...
  使用 ModuleSplitter 进行模块划分...
  识别候选子模块...
  ✓ 识别到 2 个候选子模块
  基于语义和依赖关系收敛模块...
    拆分模块 main_root...
      拆分为 39 个子模块
  ✓ 收敛到 40 个子模块
识别函数簇...
✓ 识别到 40 个函数簇
  ✓ 模块划分完成: 40 个模块, 40 个函数簇

[步骤 4/9] 生成仓库地图...
生成 00_repo_manifest.md - 仓库地图...
✓ 00_repo_manifest.md 已生成：/data1/jfeng/tcode_win/output/cat_spec/docs/rewrite-context/00_repo_manifest.md

[步骤 5/9] 生成子系统文档...
生成子系统文档...
  处理模块：module_include
  ✓ module_include.md 已生成
  处理模块：main_root_quotearg_n_01
  ✓ main_root_quotearg_n_01.md 已生成
  处理模块：main_root_setlocale_null_02
  ✓ main_root_setlocale_null_02.md 已生成
  处理模块：main_root_version_etc_03
  ✓ main_root_version_etc_03.md 已生成
  处理模块：main_root_close_stdout_04
  ✓ main_root_close_stdout_04.md 已生成
  处理模块：main_root_clear_ungetc_05
  ✓ main_root_clear_ungetc_05.md 已生成
  处理模块：main_root_mbrtoc32_06
  ✓ main_root_mbrtoc32_06.md 已生成
  处理模块：main_root_quote_n_07
  ✓ main_root_quote_n_07.md 已生成
  处理模块：main_root_quotearg_alloc_08
  ✓ main_root_quotearg_alloc_08.md 已生成
  处理模块：main_root_quotearg_buffer_09
  ✓ main_root_quotearg_buffer_09.md 已生成
  处理模块：main_root_quotearg_char_10
  ✓ main_root_quotearg_char_10.md 已生成
  处理模块：main_root_quotearg_colon_11
  ✓ main_root_quotearg_colon_11.md 已生成
  处理模块：main_root_quotearg_custom_12
  ✓ main_root_quotearg_custom_12.md 已生成
  处理模块：main_root_quotearg_style_13
  ✓ main_root_quotearg_style_13.md 已生成
  处理模块：main_root_rpl_fcntl_14
  ✓ main_root_rpl_fcntl_14.md 已生成
  处理模块：main_root_safe_rw_15
  ✓ main_root_safe_rw_15.md 已生成
  处理模块：main_root_set_quoting_16
  ✓ main_root_set_quoting_16.md 已生成
  处理模块：main_root_alignalloc.c_17
  ✓ main_root_alignalloc.c_17.md 已生成
  处理模块：main_root_binary-io.c_18
  ✓ main_root_binary-io.c_18.md 已生成
  处理模块：main_root_c-strcasecmp.c_19
  ✓ main_root_c-strcasecmp.c_19.md 已生成
  处理模块：main_root_cat.c_20
  ✓ main_root_cat.c_20.md 已生成
  处理模块：main_root_close-stream.c_21
  ✓ main_root_close-stream.c_21.md 已生成
  处理模块：main_root_copy-file-range.c_22
  ✓ main_root_copy-file-range.c_22.md 已生成
  处理模块：main_root_fadvise.c_23
  ✓ main_root_fadvise.c_23.md 已生成
  处理模块：main_root_fclose.c_24
  ✓ main_root_fclose.c_24.md 已生成
  处理模块：main_root_fcntl.c_25
  ✓ main_root_fcntl.c_25.md 已生成
  处理模块：main_root_fflush.c_26
  ✓ main_root_fflush.c_26.md 已生成
  处理模块：main_root_fpurge.c_27
  ✓ main_root_fpurge.c_27.md 已生成
  处理模块：main_root_full-write.c_28
  ✓ main_root_full-write.c_28.md 已生成
  处理模块：main_root_hard-locale.c_29
  ✓ main_root_hard-locale.c_29.md 已生成
  处理模块：main_root_localcharset.c_30
  ✓ main_root_localcharset.c_30.md 已生成
  处理模块：main_root_progname.c_31
  ✓ main_root_progname.c_31.md 已生成
  处理模块：main_root_propername-lite.c_32
  ✓ main_root_propername-lite.c_32.md 已生成
  处理模块：main_root_quotearg.c_33
  ✓ main_root_quotearg.c_33.md 已生成
  处理模块：main_root_version-etc.c_34
  ✓ main_root_version-etc.c_34.md 已生成
  处理模块：main_root_xalignalloc.c_35
  ✓ main_root_xalignalloc.c_35.md 已生成
  处理模块：main_root_xalloc-die.c_36
  ✓ main_root_xalloc-die.c_36.md 已生成
  处理模块：main_root_xbinary-io.c_37
  ✓ main_root_xbinary-io.c_37.md 已生成
  处理模块：main_root_xmalloc.c_38
  ✓ main_root_xmalloc.c_38.md 已生成
  处理模块：main_root_xmalloc.c_39
  ✓ main_root_xmalloc.c_39.md 已生成

[步骤 6/9] 生成其他文档...
生成 02_interfaces 文档...
  ✓ 002_module_include.md 已生成
  ✓ 003_main_root_quotearg_n_01.md 已生成
  ✓ 004_main_root_setlocale_null_02.md 已生成
  ✓ 005_main_root_version_etc_03.md 已生成
  ✓ 006_main_root_close_stdout_04.md 已生成
  ✓ 007_main_root_clear_ungetc_05.md 已生成
  ✓ 008_main_root_mbrtoc32_06.md 已生成
  ✓ 009_main_root_quote_n_07.md 已生成
  ✓ 010_main_root_quotearg_alloc_08.md 已生成
  ✓ 011_main_root_quotearg_buffer_09.md 已生成
  ✓ 012_main_root_quotearg_char_10.md 已生成
  ✓ 013_main_root_quotearg_colon_11.md 已生成
  ✓ 014_main_root_quotearg_custom_12.md 已生成
  ✓ 015_main_root_quotearg_style_13.md 已生成
  ✓ 016_main_root_rpl_fcntl_14.md 已生成
  ✓ 017_main_root_safe_rw_15.md 已生成
  ✓ 018_main_root_set_quoting_16.md 已生成
  ✓ 019_main_root_alignalloc.c_17.md 已生成
  ✓ 020_main_root_binary-io.c_18.md 已生成
  ✓ 021_main_root_c-strcasecmp.c_19.md 已生成
  ✓ 022_main_root_cat.c_20.md 已生成
  ✓ 023_main_root_close-stream.c_21.md 已生成
  ✓ 024_main_root_copy-file-range.c_22.md 已生成
  ✓ 025_main_root_fadvise.c_23.md 已生成
  ✓ 026_main_root_fclose.c_24.md 已生成
  ✓ 027_main_root_fcntl.c_25.md 已生成
  ✓ 028_main_root_fflush.c_26.md 已生成
  ✓ 029_main_root_fpurge.c_27.md 已生成
  ✓ 030_main_root_full-write.c_28.md 已生成
  ✓ 031_main_root_hard-locale.c_29.md 已生成
  ✓ 032_main_root_localcharset.c_30.md 已生成
  ✓ 033_main_root_progname.c_31.md 已生成
  ✓ 034_main_root_propername-lite.c_32.md 已生成
  ✓ 035_main_root_quotearg.c_33.md 已生成
  ✓ 036_main_root_version-etc.c_34.md 已生成
  ✓ 037_main_root_xalignalloc.c_35.md 已生成
  ✓ 038_main_root_xalloc-die.c_36.md 已生成
  ✓ 039_main_root_xbinary-io.c_37.md 已生成
  ✓ 040_main_root_xmalloc.c_38.md 已生成
  ✓ 041_main_root_xmalloc.c_39.md 已生成
✓ 001_public_interfaces.md 已生成：/data1/jfeng/tcode_win/output/cat_spec/docs/rewrite-context/02_interfaces/001_public_interfaces.md
生成 03_behaviors 文档...
  ✓ 行为摘要批次 1/4 已生成
  ✓ 行为摘要批次 2/4 已生成
  ✓ 行为摘要批次 3/4 已生成
  ✓ 行为摘要批次 4/4 已生成
✓ 001_behavior_specification.md 已生成：/data1/jfeng/tcode_win/output/cat_spec/docs/rewrite-context/03_behaviors/001_behavior_specification.md
生成 constitution.md - 项目级原则文档...
✓ constitution.md 已生成：/data1/jfeng/tcode_win/output/cat_spec/.specify/memory/constitution.md

[步骤 7/8] 为每个模块生成 spec-kit 文档集...

处理模块 1/40: module_include
  ✓ spec.md 已生成：/data1/jfeng/tcode_win/output/cat_spec/specs/001-module_include-rust-port/spec.md
  ✓ plan.md 已生成：/data1/jfeng/tcode_win/output/cat_spec/specs/001-module_include-rust-port/plan.md
  ✓ tasks.md 已生成：/data1/jfeng/tcode_win/output/cat_spec/specs/001-module_include-rust-port/tasks.md

处理模块 2/40: main_root_quotearg_n_01
  ✓ spec.md 已生成：/data1/jfeng/tcode_win/output/cat_spec/specs/002-main_root_quotearg_n_01-rust-port/spec.md
  ✓ plan.md 已生成：/data1/jfeng/tcode_win/output/cat_spec/specs/002-main_root_quotearg_n_01-rust-port/plan.md
  ✓ tasks.md 已生成：/data1/jfeng/tcode_win/output/cat_spec/specs/002-main_root_quotearg_n_01-rust-port/tasks.md

处理模块 3/40: main_root_setlocale_null_02
  ✓ spec.md 已生成：/data1/jfeng/tcode_win/output/cat_spec/specs/003-main_root_setlocale_null_02-rust-port/spec.md
  ✓ plan.md 已生成：/data1/jfeng/tcode_win/output/cat_spec/specs/003-main_root_setlocale_null_02-rust-port/plan.md
  ✓ tasks.md 已生成：/data1/jfeng/tcode_win/output/cat_spec/specs/003-main_root_setlocale_null_02-rust-port/tasks.md

处理模块 4/40: main_root_version_etc_03
  ✓ spec.md 已生成：/data1/jfeng/tcode_win/output/cat_spec/specs/004-main_root_version_etc_03-rust-port/spec.md
  ✓ plan.md 已生成：/data1/jfeng/tcode_win/output/cat_spec/specs/004-main_root_version_etc_03-rust-port/plan.md
